<?xml version="1.0" encoding="UTF-8"?>
<robot generator="Robot 7.2 (Python 3.13.1 on win32)" generated="2025-02-11T11:19:34.801545" rpa="false" schemaversion="5">
<suite id="s1" name="Generic" source="C:\Users\Admin\source\JuraStina-Kalle-Park\Generic-Test-Cases\generic.robot">
<test id="s1-t1" name="User registers successfully" line="9">
<kw name="Open Browser" owner="SeleniumLibrary" type="SETUP">
<msg time="2025-02-11T11:19:34.997456" level="INFO">Opening browser 'chrome' to base url 'http://127.0.0.1:5500/resources/website/jurap.html'.</msg>
<arg>${URL}</arg>
<arg>${BROWSER}</arg>
<doc>Opens a new browser instance to the optional ``url``.</doc>
<status status="PASS" start="2025-02-11T11:19:34.997242" elapsed="1.330266"/>
</kw>
<kw name="Given User is on the register page" owner="generic-keywords">
<kw name="Wait Until Page Contains Element" owner="SeleniumLibrary">
<arg>${REGISTER_BUTTON}</arg>
<arg>timeout=10s</arg>
<doc>Waits until the element ``locator`` appears on the current page.</doc>
<status status="PASS" start="2025-02-11T11:19:36.328321" elapsed="0.008428"/>
</kw>
<kw name="Click Element" owner="SeleniumLibrary">
<msg time="2025-02-11T11:19:36.337081" level="INFO">Clicking element 'id:register-nav'.</msg>
<arg>${REGISTER_BUTTON}</arg>
<doc>Click the element identified by ``locator``.</doc>
<status status="PASS" start="2025-02-11T11:19:36.336905" elapsed="0.051282"/>
</kw>
<status status="PASS" start="2025-02-11T11:19:36.328019" elapsed="0.060319"/>
</kw>
<kw name="When They enter a valid username and password" owner="generic-keywords">
<kw name="Input Text" owner="SeleniumLibrary">
<msg time="2025-02-11T11:19:36.389216" level="INFO">Typing text 'test123' into text field 'id:reg-username'.</msg>
<arg>${USERNAME_FIELD}</arg>
<arg>${USERNAME}</arg>
<doc>Types the given ``text`` into the text field identified by ``locator``.</doc>
<status status="PASS" start="2025-02-11T11:19:36.389043" elapsed="0.087795"/>
</kw>
<kw name="Input Text" owner="SeleniumLibrary">
<msg time="2025-02-11T11:19:36.477182" level="INFO">Typing text 'test12345' into text field 'id:reg-password'.</msg>
<arg>${PASSWORD_FIELD}</arg>
<arg>${PASSWORD}</arg>
<doc>Types the given ``text`` into the text field identified by ``locator``.</doc>
<status status="PASS" start="2025-02-11T11:19:36.476990" elapsed="0.089668"/>
</kw>
<status status="PASS" start="2025-02-11T11:19:36.388758" elapsed="0.177995"/>
</kw>
<kw name="And Click the register button" owner="generic-keywords">
<kw name="Click Element" owner="SeleniumLibrary">
<msg time="2025-02-11T11:19:36.567381" level="INFO">Clicking element 'css:#register-form button[type='submit']'.</msg>
<arg>${SUBMIT_REGISTER}</arg>
<doc>Click the element identified by ``locator``.</doc>
<status status="PASS" start="2025-02-11T11:19:36.567241" elapsed="0.045995"/>
</kw>
<status status="PASS" start="2025-02-11T11:19:36.567024" elapsed="0.046302"/>
</kw>
<kw name="Then They should be redirected to the login page" owner="generic-keywords">
<kw name="Wait Until Page Contains Element" owner="SeleniumLibrary">
<arg>${LOGIN_BUTTON}</arg>
<arg>timeout=10s</arg>
<doc>Waits until the element ``locator`` appears on the current page.</doc>
<status status="PASS" start="2025-02-11T11:19:36.613848" elapsed="0.007590"/>
</kw>
<kw name="Input Text" owner="SeleniumLibrary">
<msg time="2025-02-11T11:19:36.621776" level="INFO">Typing text 'test123' into text field 'id:reg-username'.</msg>
<arg>${USERNAME_FIELD}</arg>
<arg>${USERNAME}</arg>
<doc>Types the given ``text`` into the text field identified by ``locator``.</doc>
<status status="PASS" start="2025-02-11T11:19:36.621591" elapsed="0.063948"/>
</kw>
<kw name="Input Text" owner="SeleniumLibrary">
<msg time="2025-02-11T11:19:36.685889" level="INFO">Typing text 'test12345' into text field 'id:reg-password'.</msg>
<arg>${PASSWORD_FIELD}</arg>
<arg>${PASSWORD}</arg>
<doc>Types the given ``text`` into the text field identified by ``locator``.</doc>
<status status="PASS" start="2025-02-11T11:19:36.685685" elapsed="0.061347"/>
</kw>
<status status="PASS" start="2025-02-11T11:19:36.613639" elapsed="0.133483"/>
</kw>
<kw name="Sleep" owner="BuiltIn">
<msg time="2025-02-11T11:19:41.748084" level="INFO">Slept 5 seconds.</msg>
<arg>5s</arg>
<doc>Pauses the test executed for the given time.</doc>
<status status="PASS" start="2025-02-11T11:19:36.747312" elapsed="5.000953"/>
</kw>
<status status="PASS" start="2025-02-11T11:19:34.996440" elapsed="6.752366"/>
</test>
<status status="PASS" start="2025-02-11T11:19:34.802516" elapsed="6.947495"/>
</suite>
<statistics>
<total>
<stat pass="1" fail="0" skip="0">All Tests</stat>
</total>
<tag>
</tag>
<suite>
<stat name="Generic" id="s1" pass="1" fail="0" skip="0">Generic</stat>
</suite>
</statistics>
<errors>
</errors>
</robot>
